# JRE version: OpenJDK Runtime Environment (8.0_152-b28) (build 1.8.0_152-release-1343-b28)
# Java VM: OpenJDK 64-Bit Server VM (25.152-b28 mixed mode linux-amd64 compressed oops)
Heap:
 par new generation   total 230400K, used 212486K [0x00000000d1200000, 0x00000000e0c00000, 0x00000000e0c00000)
  eden space 204800K,  99% used [0x00000000d1200000, 0x00000000dd955260, 0x00000000dda00000)
  from space 25600K,  32% used [0x00000000dda00000, 0x00000000de22c6f8, 0x00000000df300000)
  to   space 25600K,   0% used [0x00000000df300000, 0x00000000df300000, 0x00000000e0c00000)
 concurrent mark-sweep generation total 512000K, used 136926K [0x00000000e0c00000, 0x0000000100000000, 0x0000000100000000)
 Metaspace       used 189911K, capacity 202731K, committed 202948K, reserved 1226752K
  class space    used 22816K, capacity 24943K, committed 25032K, reserved 1048576K
GC Heap History (10 events):
Event: 38669.090 GC heap before
{Heap before GC invocations=2112 (full 27):
 par new generation   total 230400K, used 212078K [0x00000000d1200000, 0x00000000e0c00000, 0x00000000e0c00000)
  eden space 204800K, 100% used [0x00000000d1200000, 0x00000000dda00000, 0x00000000dda00000)
  from space 25600K,  28% used [0x00000000df300000, 0x00000000dfa1bb48, 0x00000000e0c00000)
  to   space 25600K,   0% used [0x00000000dda00000, 0x00000000dda00000, 0x00000000df300000)
 concurrent mark-sweep generation total 512000K, used 135425K [0x00000000e0c00000, 0x0000000100000000, 0x0000000100000000)
 Metaspace       used 189885K, capacity 202667K, committed 202948K, reserved 1226752K
  class space    used 22815K, capacity 24943K, committed 25032K, reserved 1048576K
Event: 38669.103 GC heap after
Heap after GC invocations=2113 (full 27):
 par new generation   total 230400K, used 4334K [0x00000000d1200000, 0x00000000e0c00000, 0x00000000e0c00000)
  eden space 204800K,   0% used [0x00000000d1200000, 0x00000000d1200000, 0x00000000dda00000)
  from space 25600K,  16% used [0x00000000dda00000, 0x00000000dde3b8f0, 0x00000000df300000)
  to   space 25600K,   0% used [0x00000000df300000, 0x00000000df300000, 0x00000000e0c00000)
 concurrent mark-sweep generation total 512000K, used 135425K [0x00000000e0c00000, 0x0000000100000000, 0x0000000100000000)
 Metaspace       used 189885K, capacity 202667K, committed 202948K, reserved 1226752K
  class space    used 22815K, capacity 24943K, committed 25032K, reserved 1048576K
}
Event: 38702.314 GC heap before
{Heap before GC invocations=2113 (full 27):
 par new generation   total 230400K, used 209134K [0x00000000d1200000, 0x00000000e0c00000, 0x00000000e0c00000)
  eden space 204800K, 100% used [0x00000000d1200000, 0x00000000dda00000, 0x00000000dda00000)
  from space 25600K,  16% used [0x00000000dda00000, 0x00000000dde3b8f0, 0x00000000df300000)
  to   space 25600K,   0% used [0x00000000df300000, 0x00000000df300000, 0x00000000e0c00000)
 concurrent mark-sweep generation total 512000K, used 135425K [0x00000000e0c00000, 0x0000000100000000, 0x0000000100000000)
 Metaspace       used 189895K, capacity 202731K, committed 202948K, reserved 1226752K
  class space    used 22815K, capacity 24943K, committed 25032K, reserved 1048576K
Event: 38702.321 GC heap after
Heap after GC invocations=2114 (full 27):
 par new generation   total 230400K, used 6752K [0x00000000d1200000, 0x00000000e0c00000, 0x00000000e0c00000)
  eden space 204800K,   0% used [0x00000000d1200000, 0x00000000d1200000, 0x00000000dda00000)
  from space 25600K,  26% used [0x00000000df300000, 0x00000000df9980d0, 0x00000000e0c00000)
  to   space 25600K,   0% used [0x00000000dda00000, 0x00000000dda00000, 0x00000000df300000)
 concurrent mark-sweep generation total 512000K, used 135908K [0x00000000e0c00000, 0x0000000100000000, 0x0000000100000000)
 Metaspace       used 189895K, capacity 202731K, committed 202948K, reserved 1226752K
  class space    used 22815K, capacity 24943K, committed 25032K, reserved 1048576K
}
Event: 38736.046 GC heap before
{Heap before GC invocations=2114 (full 27):
 par new generation   total 230400K, used 211552K [0x00000000d1200000, 0x00000000e0c00000, 0x00000000e0c00000)
  eden space 204800K, 100% used [0x00000000d1200000, 0x00000000dda00000, 0x00000000dda00000)
  from space 25600K,  26% used [0x00000000df300000, 0x00000000df9980d0, 0x00000000e0c00000)
  to   space 25600K,   0% used [0x00000000dda00000, 0x00000000dda00000, 0x00000000df300000)
 concurrent mark-sweep generation total 512000K, used 135908K [0x00000000e0c00000, 0x0000000100000000, 0x0000000100000000)
 Metaspace       used 189896K, capacity 202731K, committed 202948K, reserved 1226752K
  class space    used 22815K, capacity 24943K, committed 25032K, reserved 1048576K
Event: 38736.057 GC heap after
Heap after GC invocations=2115 (full 27):
 par new generation   total 230400K, used 7928K [0x00000000d1200000, 0x00000000e0c00000, 0x00000000e0c00000)
  eden space 204800K,   0% used [0x00000000d1200000, 0x00000000d1200000, 0x00000000dda00000)
  from space 25600K,  30% used [0x00000000dda00000, 0x00000000de1be110, 0x00000000df300000)
  to   space 25600K,   0% used [0x00000000df300000, 0x00000000df300000, 0x00000000e0c00000)
 concurrent mark-sweep generation total 512000K, used 136583K [0x00000000e0c00000, 0x0000000100000000, 0x0000000100000000)
 Metaspace       used 189896K, capacity 202731K, committed 202948K, reserved 1226752K
  class space    used 22815K, capacity 24943K, committed 25032K, reserved 1048576K
}
Event: 38938.739 GC heap before
{Heap before GC invocations=2115 (full 27):
 par new generation   total 230400K, used 212728K [0x00000000d1200000, 0x00000000e0c00000, 0x00000000e0c00000)
  eden space 204800K, 100% used [0x00000000d1200000, 0x00000000dda00000, 0x00000000dda00000)
  from space 25600K,  30% used [0x00000000dda00000, 0x00000000de1be110, 0x00000000df300000)
  to   space 25600K,   0% used [0x00000000df300000, 0x00000000df300000, 0x00000000e0c00000)
 concurrent mark-sweep generation total 512000K, used 136583K [0x00000000e0c00000, 0x0000000100000000, 0x0000000100000000)
 Metaspace       used 189903K, capacity 202731K, committed 202948K, reserved 1226752K
  class space    used 22815K, capacity 24943K, committed 25032K, reserved 1048576K
Event: 38938.754 GC heap after
Heap after GC invocations=2116 (full 27):
 par new generation   total 230400K, used 9069K [0x00000000d1200000, 0x00000000e0c00000, 0x00000000e0c00000)
  eden space 204800K,   0% used [0x00000000d1200000, 0x00000000d1200000, 0x00000000dda00000)
  from space 25600K,  35% used [0x00000000df300000, 0x00000000dfbdb578, 0x00000000e0c00000)
  to   space 25600K,   0% used [0x00000000dda00000, 0x00000000dda00000, 0x00000000df300000)
 concurrent mark-sweep generation total 512000K, used 136902K [0x00000000e0c00000, 0x0000000100000000, 0x0000000100000000)
 Metaspace       used 189903K, capacity 202731K, committed 202948K, reserved 1226752K
  class space    used 22815K, capacity 24943K, committed 25032K, reserved 1048576K
}
Event: 40531.583 GC heap before
{Heap before GC invocations=2116 (full 27):
 par new generation   total 230400K, used 213869K [0x00000000d1200000, 0x00000000e0c00000, 0x00000000e0c00000)
  eden space 204800K, 100% used [0x00000000d1200000, 0x00000000dda00000, 0x00000000dda00000)
  from space 25600K,  35% used [0x00000000df300000, 0x00000000dfbdb578, 0x00000000e0c00000)
  to   space 25600K,   0% used [0x00000000dda00000, 0x00000000dda00000, 0x00000000df300000)
 concurrent mark-sweep generation total 512000K, used 136902K [0x00000000e0c00000, 0x0000000100000000, 0x0000000100000000)
 Metaspace       used 189904K, capacity 202731K, committed 202948K, reserved 1226752K
  class space    used 22815K, capacity 24943K, committed 25032K, reserved 1048576K
Event: 40531.594 GC heap after
Heap after GC invocations=2117 (full 27):
 par new generation   total 230400K, used 8369K [0x00000000d1200000, 0x00000000e0c00000, 0x00000000e0c00000)
  eden space 204800K,   0% used [0x00000000d1200000, 0x00000000d1200000, 0x00000000dda00000)
  from space 25600K,  32% used [0x00000000dda00000, 0x00000000de22c6f8, 0x00000000df300000)
  to   space 25600K,   0% used [0x00000000df300000, 0x00000000df300000, 0x00000000e0c00000)
 concurrent mark-sweep generation total 512000K, used 136926K [0x00000000e0c00000, 0x0000000100000000, 0x0000000100000000)
 Metaspace       used 189904K, capacity 202731K, committed 202948K, reserved 1226752K
  class space    used 22815K, capacity 24943K, committed 25032K, reserved 1048576K
}

